<?xml version="1.0" encoding="UTF-8"?>
<testng-results skipped="0" failed="1" ignored="0" total="3" passed="2">
  <reporter-output>
  </reporter-output>
  <suite name="DummyProject" duration-ms="20896" started-at="2020-07-17T14:57:57 CEST" finished-at="2020-07-17T14:58:18 CEST">
    <groups>
    </groups>
    <test name="UI and API Secnarios" duration-ms="20896" started-at="2020-07-17T14:57:57 CEST" finished-at="2020-07-17T14:58:18 CEST">
      <class name="weatherReport.UI.Test.UITest_ValidateTemperature">
        <test-method status="PASS" signature="loadConfig()[pri:0, instance:weatherReport.UI.Test.UITest_ValidateTemperature@5e25a92e]" name="loadConfig" is-config="true" duration-ms="0" started-at="2020-07-17T14:57:57 CEST" finished-at="2020-07-17T14:57:57 CEST">
          <reporter-output>
          </reporter-output>
        </test-method> <!-- loadConfig -->
        <test-method status="PASS" signature="ValidateTempDeatils_001()[pri:0, instance:weatherReport.UI.Test.UITest_ValidateTemperature@5e25a92e]" name="ValidateTempDeatils_001" duration-ms="19286" started-at="2020-07-17T14:57:57 CEST" finished-at="2020-07-17T14:58:16 CEST">
          <reporter-output>
          </reporter-output>
        </test-method> <!-- ValidateTempDeatils_001 -->
        <test-method status="PASS" signature="closeBrowser()[pri:0, instance:weatherReport.UI.Test.UITest_ValidateTemperature@5e25a92e]" name="closeBrowser" is-config="true" duration-ms="0" started-at="2020-07-17T14:58:16 CEST" finished-at="2020-07-17T14:58:16 CEST">
          <reporter-output>
          </reporter-output>
        </test-method> <!-- closeBrowser -->
      </class> <!-- weatherReport.UI.Test.UITest_ValidateTemperature -->
      <class name="weatherComparator.ComparatorTest">
        <test-method status="FAIL" signature="TC001()[pri:0, instance:weatherComparator.ComparatorTest@b59d31]" name="TC001" duration-ms="0" started-at="2020-07-17T14:58:18 CEST" finished-at="2020-07-17T14:58:18 CEST">
          <exception class="java.lang.AssertionError">
            <message>
              <![CDATA[expected [true] but found [false]]]>
            </message>
            <full-stacktrace>
              <![CDATA[java.lang.AssertionError: expected [true] but found [false]
at org.testng.Assert.fail(Assert.java:97)
at org.testng.Assert.failNotEquals(Assert.java:968)
at org.testng.Assert.assertTrue(Assert.java:43)
at org.testng.Assert.assertTrue(Assert.java:53)
at weatherComparator.ComparatorTest.TC001(ComparatorTest.java:29)
at sun.reflect.NativeMethodAccessorImpl.invoke0(Native Method)
at sun.reflect.NativeMethodAccessorImpl.invoke(NativeMethodAccessorImpl.java:62)
at sun.reflect.DelegatingMethodAccessorImpl.invoke(DelegatingMethodAccessorImpl.java:43)
at java.lang.reflect.Method.invoke(Method.java:498)
at org.testng.internal.MethodInvocationHelper.invokeMethod(MethodInvocationHelper.java:135)
at org.testng.internal.TestInvoker.invokeMethod(TestInvoker.java:598)
at org.testng.internal.TestInvoker.invokeTestMethod(TestInvoker.java:174)
at org.testng.internal.MethodRunner.runInSequence(MethodRunner.java:46)
at org.testng.internal.TestInvoker$MethodInvocationAgent.invoke(TestInvoker.java:821)
at org.testng.internal.TestInvoker.invokeTestMethods(TestInvoker.java:147)
at org.testng.internal.TestMethodWorker.invokeTestMethods(TestMethodWorker.java:146)
at org.testng.internal.TestMethodWorker.run(TestMethodWorker.java:128)
at java.util.ArrayList.forEach(ArrayList.java:1257)
at org.testng.TestRunner.privateRun(TestRunner.java:767)
at org.testng.TestRunner.run(TestRunner.java:588)
at org.testng.SuiteRunner.runTest(SuiteRunner.java:384)
at org.testng.SuiteRunner.runSequentially(SuiteRunner.java:378)
at org.testng.SuiteRunner.privateRun(SuiteRunner.java:337)
at org.testng.SuiteRunner.run(SuiteRunner.java:286)
at org.testng.SuiteRunnerWorker.runSuite(SuiteRunnerWorker.java:53)
at org.testng.SuiteRunnerWorker.run(SuiteRunnerWorker.java:96)
at org.testng.TestNG.runSuitesSequentially(TestNG.java:1214)
at org.testng.TestNG.runSuitesLocally(TestNG.java:1136)
at org.testng.TestNG.runSuites(TestNG.java:1066)
at org.testng.TestNG.run(TestNG.java:1034)
at org.testng.remote.AbstractRemoteTestNG.run(AbstractRemoteTestNG.java:115)
at org.testng.remote.RemoteTestNG.initAndRun(RemoteTestNG.java:251)
at org.testng.remote.RemoteTestNG.main(RemoteTestNG.java:77)
]]>
            </full-stacktrace>
          </exception> <!-- java.lang.AssertionError -->
          <reporter-output>
          </reporter-output>
        </test-method> <!-- TC001 -->
        <test-method status="PASS" signature="closeBrowser()[pri:0, instance:weatherComparator.ComparatorTest@b59d31]" name="closeBrowser" is-config="true" duration-ms="0" started-at="2020-07-17T14:58:18 CEST" finished-at="2020-07-17T14:58:18 CEST">
          <reporter-output>
          </reporter-output>
        </test-method> <!-- closeBrowser -->
        <test-method status="PASS" signature="loadConfig()[pri:0, instance:weatherComparator.ComparatorTest@b59d31]" name="loadConfig" is-config="true" duration-ms="0" started-at="2020-07-17T14:58:18 CEST" finished-at="2020-07-17T14:58:18 CEST">
          <reporter-output>
          </reporter-output>
        </test-method> <!-- loadConfig -->
      </class> <!-- weatherComparator.ComparatorTest -->
      <class name="weatherApiTest.APITTest_ValidateWeatherResCityWise">
        <test-method status="PASS" signature="validateweatherAPI()[pri:0, instance:weatherApiTest.APITTest_ValidateWeatherResCityWise@4df828d7]" name="validateweatherAPI" duration-ms="1563" started-at="2020-07-17T14:58:16 CEST" finished-at="2020-07-17T14:58:18 CEST">
          <reporter-output>
          </reporter-output>
        </test-method> <!-- validateweatherAPI -->
        <test-method status="PASS" signature="loadConfig()[pri:0, instance:weatherApiTest.APITTest_ValidateWeatherResCityWise@4df828d7]" name="loadConfig" is-config="true" duration-ms="0" started-at="2020-07-17T14:58:16 CEST" finished-at="2020-07-17T14:58:16 CEST">
          <reporter-output>
          </reporter-output>
        </test-method> <!-- loadConfig -->
        <test-method status="PASS" signature="closeBrowser()[pri:0, instance:weatherApiTest.APITTest_ValidateWeatherResCityWise@4df828d7]" name="closeBrowser" is-config="true" duration-ms="0" started-at="2020-07-17T14:58:18 CEST" finished-at="2020-07-17T14:58:18 CEST">
          <reporter-output>
          </reporter-output>
        </test-method> <!-- closeBrowser -->
      </class> <!-- weatherApiTest.APITTest_ValidateWeatherResCityWise -->
    </test> <!-- UI and API Secnarios -->
  </suite> <!-- DummyProject -->
</testng-results>
